<?xml version="1.0" encoding="utf-8"?><testsuites><testsuite errors="0" failures="0" hostname="mateus-pc" name="pytest" skipped="0" tests="27" time="0.325" timestamp="2020-06-09T19:19:00.838192"><testcase classname="test.test_card.TestCard" file="test/test_card.py" line="19" name="test_eq[card_10-card_20-True]" time="0.001"></testcase><testcase classname="test.test_card.TestCard" file="test/test_card.py" line="19" name="test_eq[card_11-card_21-False]" time="0.001"></testcase><testcase classname="test.test_card.TestCard" file="test/test_card.py" line="19" name="test_eq[card_12-card_22-False]" time="0.001"></testcase><testcase classname="test.test_card.TestCard" file="test/test_card.py" line="19" name="test_eq[card_13-card_23-True]" time="0.001"></testcase><testcase classname="test.test_card.TestCard" file="test/test_card.py" line="19" name="test_eq[card_14-card_24-False]" time="0.001"></testcase><testcase classname="test.test_card.TestCard" file="test/test_card.py" line="38" name="test_serialization[check_card0-serialized0]" time="0.001"></testcase><testcase classname="test.test_card.TestCard" file="test/test_card.py" line="38" name="test_serialization[check_card1-serialized1]" time="0.001"></testcase><testcase classname="test.test_card.TestCard" file="test/test_card.py" line="45" name="test_deserialization[check_card0]" time="0.000"></testcase><testcase classname="test.test_card.TestCard" file="test/test_card.py" line="45" name="test_deserialization[check_card1]" time="0.001"></testcase><testcase classname="test.test_city.TestCity" file="test/test_city.py" line="10" name="test_serialize" time="0.001"></testcase><testcase classname="test.test_city.TestCity" file="test/test_city.py" line="16" name="test_deserialize" time="0.001"></testcase><testcase classname="test.test_city.TestCity" file="test/test_city.py" line="20" name="test_eq[other0-True]" time="0.023"></testcase><testcase classname="test.test_city.TestCity" file="test/test_city.py" line="20" name="test_eq[other1-True]" time="0.003"></testcase><testcase classname="test.test_city.TestCity" file="test/test_city.py" line="20" name="test_eq[other2-False]" time="0.003"></testcase><testcase classname="test.test_city.TestCity" file="test/test_city.py" line="30" name="test_infect[None-1]" time="0.001"></testcase><testcase classname="test.test_city.TestCity" file="test/test_city.py" line="30" name="test_infect[None-2]" time="0.001"></testcase><testcase classname="test.test_city.TestCity" file="test/test_city.py" line="30" name="test_infect[2-1]" time="0.001"></testcase><testcase classname="test.test_city.TestCity" file="test/test_city.py" line="30" name="test_infect[2-2]" time="0.001"></testcase><testcase classname="test.test_city.TestCity" file="test/test_city.py" line="37" name="test_heal[None-True]" time="0.001"></testcase><testcase classname="test.test_city.TestCity" file="test/test_city.py" line="37" name="test_heal[None-False]" time="0.001"></testcase><testcase classname="test.test_city.TestCity" file="test/test_city.py" line="37" name="test_heal[2-True]" time="0.001"></testcase><testcase classname="test.test_city.TestCity" file="test/test_city.py" line="37" name="test_heal[2-False]" time="0.001"></testcase><testcase classname="test.test_city.TestCity" file="test/test_city.py" line="45" name="test_lock_unlock_infection" time="0.005"></testcase><testcase classname="test.test_deck.TestDeck" file="test/test_deck.py" line="20" name="test_shuffle" time="0.001"></testcase><testcase classname="test.test_deck.TestDeck" file="test/test_deck.py" line="24" name="test_draw" time="0.006"></testcase><testcase classname="test.test_deck.TestDeck" file="test/test_deck.py" line="29" name="test_draw_last" time="0.001"></testcase><testcase classname="test.test_deck.TestDeck" file="test/test_deck.py" line="34" name="test_serialization" time="0.001"></testcase></testsuite></testsuites>